Using pre-set license
Built from '2020.3/staging' branch; Version is '2020.3.30f1 (1fb1bf06830e) revision 2077119'; Using compiler version '192528614'; Build Type 'Release'
OS: 'Windows 10  (10.0.19044) 64bit Core' Language: 'ko' Physical Memory: 16178 MB
BatchMode: 1, IsHumanControllingUs: 0, StartBugReporterOnCrash: 0, Is64bit: 1, IsPro: 0

COMMAND LINE ARGUMENTS:
C:\Program Files\Unity\Hub\Editor\2020.3.30f1\Editor\Unity.exe
-adb2
-batchMode
-noUpm
-name
AssetImportWorker0
-projectPath
C:/Users/denni/My project (2)
-logFile
Logs/AssetImportWorker0.log
-srvPort
63592
Successfully changed project path to: C:/Users/denni/My project (2)
C:/Users/denni/My project (2)
Using Asset Import Pipeline V2.
Refreshing native plugins compatible for Editor in 36.55 ms, found 2 plugins.
Preloading 0 native plugins for Editor in 0.00 ms.
Initialize engine version: 2020.3.30f1 (1fb1bf06830e)
[Subsystems] Discovering subsystems at path C:/Program Files/Unity/Hub/Editor/2020.3.30f1/Editor/Data/Resources/UnitySubsystems
[Subsystems] Discovering subsystems at path C:/Users/denni/My project (2)/Assets
GfxDevice: creating device client; threaded=0
Direct3D:
    Version:  Direct3D 11.0 [level 11.1]
    Renderer: Intel(R) UHD Graphics 620 (ID=0x3ea0)
    Vendor:   
    VRAM:     8089 MB
    Driver:   30.0.101.1340
Initialize mono
Mono path[0] = 'C:/Program Files/Unity/Hub/Editor/2020.3.30f1/Editor/Data/Managed'
Mono path[1] = 'C:/Program Files/Unity/Hub/Editor/2020.3.30f1/Editor/Data/MonoBleedingEdge/lib/mono/unityjit'
Mono config path = 'C:/Program Files/Unity/Hub/Editor/2020.3.30f1/Editor/Data/MonoBleedingEdge/etc'
Using monoOptions --debugger-agent=transport=dt_socket,embedding=1,server=y,suspend=n,address=127.0.0.1:56440
Begin MonoManager ReloadAssembly
Registering precompiled unity dll's ...
Register platform support module: C:/Program Files/Unity/Hub/Editor/2020.3.30f1/Editor/Data/PlaybackEngines/WebGLSupport/UnityEditor.WebGL.Extensions.dll
Register platform support module: C:/Program Files/Unity/Hub/Editor/2020.3.30f1/Editor/Data/PlaybackEngines/WindowsStandaloneSupport/UnityEditor.WindowsStandalone.Extensions.dll
Registered in 0.002494 seconds.
Native extension for WindowsStandalone target not found
Native extension for WebGL target not found
Refreshing native plugins compatible for Editor in 37.17 ms, found 2 plugins.
Preloading 0 native plugins for Editor in 0.00 ms.
Mono: successfully reloaded assembly
- Completed reload, in  0.672 seconds
Domain Reload Profiling:
	ReloadAssembly (673ms)
		BeginReloadAssembly (79ms)
			ExecutionOrderSort (0ms)
			DisableScriptedObjects (0ms)
			BackupInstance (0ms)
			ReleaseScriptingObjects (0ms)
			CreateAndSetChildDomain (1ms)
		EndReloadAssembly (511ms)
			LoadAssemblies (77ms)
			RebuildTransferFunctionScriptingTraits (0ms)
			SetupTypeCache (171ms)
			ReleaseScriptCaches (0ms)
			RebuildScriptCaches (36ms)
			SetupLoadedEditorAssemblies (191ms)
				LogAssemblyErrors (0ms)
				InitializePlatformSupportModulesInManaged (6ms)
				SetLoadedEditorAssemblies (0ms)
				RefreshPlugins (37ms)
				BeforeProcessingInitializeOnLoad (18ms)
				ProcessInitializeOnLoadAttributes (99ms)
				ProcessInitializeOnLoadMethodAttributes (30ms)
				AfterProcessingInitializeOnLoad (0ms)
				EditorAssembliesLoaded (0ms)
			ExecutionOrderSort2 (0ms)
			AwakeInstancesAfterBackupRestoration (0ms)
Platform modules already initialized, skipping
Registering precompiled user dll's ...
Registered in 0.005039 seconds.
Begin MonoManager ReloadAssembly
Native extension for WindowsStandalone target not found
Native extension for WebGL target not found
Refreshing native plugins compatible for Editor in 0.49 ms, found 2 plugins.
Preloading 0 native plugins for Editor in 0.00 ms.
Mono: successfully reloaded assembly
- Completed reload, in  1.768 seconds
Domain Reload Profiling:
	ReloadAssembly (1770ms)
		BeginReloadAssembly (185ms)
			ExecutionOrderSort (0ms)
			DisableScriptedObjects (5ms)
			BackupInstance (0ms)
			ReleaseScriptingObjects (0ms)
			CreateAndSetChildDomain (22ms)
		EndReloadAssembly (1510ms)
			LoadAssemblies (113ms)
			RebuildTransferFunctionScriptingTraits (0ms)
			SetupTypeCache (336ms)
			ReleaseScriptCaches (0ms)
			RebuildScriptCaches (48ms)
			SetupLoadedEditorAssemblies (917ms)
				LogAssemblyErrors (0ms)
				InitializePlatformSupportModulesInManaged (8ms)
				SetLoadedEditorAssemblies (1ms)
				RefreshPlugins (1ms)
				BeforeProcessingInitializeOnLoad (563ms)
				ProcessInitializeOnLoadAttributes (315ms)
				ProcessInitializeOnLoadMethodAttributes (17ms)
				AfterProcessingInitializeOnLoad (13ms)
				EditorAssembliesLoaded (0ms)
			ExecutionOrderSort2 (0ms)
			AwakeInstancesAfterBackupRestoration (12ms)
Platform modules already initialized, skipping
========================================================================
Worker process is ready to serve import requests
Launched and connected shader compiler UnityShaderCompiler.exe after 0.09 seconds
Refreshing native plugins compatible for Editor in 0.70 ms, found 2 plugins.
Preloading 0 native plugins for Editor in 0.00 ms.
Unloading 1506 Unused Serialized files (Serialized files now loaded: 0)
System memory in use before: 69.6 MB.
System memory in use after: 69.7 MB.

Unloading 16 unused Assets to reduce memory usage. Loaded Objects now: 1943.
Total: 5.071700 ms (FindLiveObjects: 0.181700 ms CreateObjectMapping: 0.073600 ms MarkObjects: 4.675300 ms  DeleteObjects: 0.139600 ms)

AssetImportParameters requested are different than current active one (requested -> active):
  custom:framework-win-MediaFoundation: 216162199b28c13a410421893ffa2e32 -> 
  custom:video-decoder-ogg-theora: a1e56fd34408186e4bbccfd4996cb3dc -> 
  custom:container-muxer-webm: aa71ff27fc2769a1b78a27578f13a17b -> 
  custom:container-demuxer-webm: 4f35f7cbe854078d1ac9338744f61a02 -> 
  custom:container-demuxer-ogg: 62fdf1f143b41e24485cea50d1cbac27 -> 
  custom:video-encoder-webm-vp8: eb34c28f22e8b96e1ab97ce403110664 -> 
  custom:video-decoder-webm-vp8: 9c59270c3fd7afecdb556c50c9e8de78 -> 
  custom:audio-decoder-ogg-vorbis: bf7c407c2cedff20999df2af8eb42d56 -> 
  custom:audio-encoder-webm-vorbis: bf7c407c2cedff20999df2af8eb42d56 -> 
========================================================================
Received Import Request.
  path: Assets/WhiteCity/Scenes
  artifactKey: Guid(e62473e778be21c4ab078a36a3feb410) Importer(815301076,1909f56bfc062723c751e8b465ee728b)
Start importing Assets/WhiteCity/Scenes using Guid(e62473e778be21c4ab078a36a3feb410) Importer(815301076,1909f56bfc062723c751e8b465ee728b)  -> (artifact id: '43902a748c923f29f48ae3464c11bb69') in 0.013620 seconds 
========================================================================
Received Import Request.
  Time since last request: 0.000366 seconds.
  path: Assets/WhiteCity
  artifactKey: Guid(c6601532cf1bc9141bcb321c8b8afe40) Importer(815301076,1909f56bfc062723c751e8b465ee728b)
Start importing Assets/WhiteCity using Guid(c6601532cf1bc9141bcb321c8b8afe40) Importer(815301076,1909f56bfc062723c751e8b465ee728b)  -> (artifact id: '8a064368483d4161f6a191c0dc8b1a6a') in 0.028683 seconds 
========================================================================
Received Import Request.
  Time since last request: 0.000201 seconds.
  path: Assets/WhiteCity/Scenes/Sample.unity
  artifactKey: Guid(1a4e37fe1d5bcef448eaacca8ef81fad) Importer(815301076,1909f56bfc062723c751e8b465ee728b)
Start importing Assets/WhiteCity/Scenes/Sample.unity using Guid(1a4e37fe1d5bcef448eaacca8ef81fad) Importer(815301076,1909f56bfc062723c751e8b465ee728b)  -> (artifact id: 'bf0646ba3476342298d8fd1c4cf86005') in 0.030811 seconds 
========================================================================
Received Import Request.
  Time since last request: 130.833164 seconds.
  path: Assets/ToonyTinyPeople/TT_demo/models
  artifactKey: Guid(94bf4f823211bba4298c939a27caef7d) Importer(815301076,1909f56bfc062723c751e8b465ee728b)
Start importing Assets/ToonyTinyPeople/TT_demo/models using Guid(94bf4f823211bba4298c939a27caef7d) Importer(815301076,1909f56bfc062723c751e8b465ee728b)  -> (artifact id: '9211b5dcc135d4757554504a9f116e8f') in 0.029785 seconds 
========================================================================
Received Import Request.
  Time since last request: 0.102754 seconds.
  path: Assets/ToonyTinyPeople/TT_demo/models/TT_demo_female.FBX
  artifactKey: Guid(3cefbbfe8c81fbb4283daa116169ef21) Importer(815301076,1909f56bfc062723c751e8b465ee728b)
Start importing Assets/ToonyTinyPeople/TT_demo/models/TT_demo_female.FBX using Guid(3cefbbfe8c81fbb4283daa116169ef21) Importer(815301076,1909f56bfc062723c751e8b465ee728b)  -> (artifact id: '6f09d369af9f8feac458e6e7e791f372') in 0.556475 seconds 
========================================================================
Received Import Request.
  Time since last request: 0.000638 seconds.
  path: Assets/ToonyTinyPeople/TT_demo/models/TT_demo_male_A.FBX
  artifactKey: Guid(eb062aa776e44954d94c4c2f76ebc148) Importer(815301076,1909f56bfc062723c751e8b465ee728b)
Start importing Assets/ToonyTinyPeople/TT_demo/models/TT_demo_male_A.FBX using Guid(eb062aa776e44954d94c4c2f76ebc148) Importer(815301076,1909f56bfc062723c751e8b465ee728b)  -> (artifact id: 'd2176794eae49392964a8e6a26335230') in 0.201039 seconds 
========================================================================
Received Import Request.
  Time since last request: 0.000421 seconds.
  path: Assets/ToonyTinyPeople/TT_demo/models/TT_demo_zombie.FBX
  artifactKey: Guid(f88c8301226fd194cbbc64e25b20d567) Importer(815301076,1909f56bfc062723c751e8b465ee728b)
Start importing Assets/ToonyTinyPeople/TT_demo/models/TT_demo_zombie.FBX using Guid(f88c8301226fd194cbbc64e25b20d567) Importer(815301076,1909f56bfc062723c751e8b465ee728b)  -> (artifact id: '3723932920d1929255426c0f49814028') in 0.223462 seconds 
========================================================================
Received Import Request.
  Time since last request: 0.000377 seconds.
  path: Assets/ToonyTinyPeople/TT_demo/models/TT_demo_male_B.FBX
  artifactKey: Guid(fbbb7e0ccd296444f8f4cb972237bf3a) Importer(815301076,1909f56bfc062723c751e8b465ee728b)
Start importing Assets/ToonyTinyPeople/TT_demo/models/TT_demo_male_B.FBX using Guid(fbbb7e0ccd296444f8f4cb972237bf3a) Importer(815301076,1909f56bfc062723c751e8b465ee728b)  -> (artifact id: '7ab136b0c44d5c01345c13479b2447bb') in 0.159728 seconds 
========================================================================
Received Import Request.
  Time since last request: 0.000142 seconds.
  path: Assets/ToonyTinyPeople/TT_demo/models/TT_demo_police.FBX
  artifactKey: Guid(fdfb5e1c4a1b339489c0eddebb1ab872) Importer(815301076,1909f56bfc062723c751e8b465ee728b)
Start importing Assets/ToonyTinyPeople/TT_demo/models/TT_demo_police.FBX using Guid(fdfb5e1c4a1b339489c0eddebb1ab872) Importer(815301076,1909f56bfc062723c751e8b465ee728b)  -> (artifact id: '47002e27e8d157e1904d0896942c3075') in 0.255417 seconds 
========================================================================
Received Import Request.
  Time since last request: 0.000644 seconds.
  path: Assets/ToonyTinyPeople/TT_demo/models/Materials
  artifactKey: Guid(61fb954842fc25f41a352bc136c69fdb) Importer(815301076,1909f56bfc062723c751e8b465ee728b)
Start importing Assets/ToonyTinyPeople/TT_demo/models/Materials using Guid(61fb954842fc25f41a352bc136c69fdb) Importer(815301076,1909f56bfc062723c751e8b465ee728b)  -> (artifact id: '322d4d8e7f0980014487f4b7e42415c2') in 0.057894 seconds 
========================================================================
Received Import Request.
  Time since last request: 0.677774 seconds.
  path: Assets/ToonyTinyPeople/TT_demo/models/Materials/TT_demo.mat
  artifactKey: Guid(8fd192304df88db499eedb3456dc6d67) Importer(815301076,1909f56bfc062723c751e8b465ee728b)
Start importing Assets/ToonyTinyPeople/TT_demo/models/Materials/TT_demo.mat using Guid(8fd192304df88db499eedb3456dc6d67) Importer(815301076,1909f56bfc062723c751e8b465ee728b)  -> (artifact id: 'a23935dd97609b55c4b10874347d7452') in 0.107160 seconds 
========================================================================
Received Import Request.
  Time since last request: 0.000250 seconds.
  path: Assets/ToonyTinyPeople/TT_demo/models/Materials/TT_demo_texture.tga
  artifactKey: Guid(7a97bf571a8477f449be264c891871e1) Importer(815301076,1909f56bfc062723c751e8b465ee728b)
Start importing Assets/ToonyTinyPeople/TT_demo/models/Materials/TT_demo_texture.tga using Guid(7a97bf571a8477f449be264c891871e1) Importer(815301076,1909f56bfc062723c751e8b465ee728b)  -> (artifact id: '50898c8e84709fc4873e48a21a57b3e9') in 0.068945 seconds 
========================================================================
Received Import Request.
  Time since last request: 10.447890 seconds.
  path: Assets/WhiteCity/Models
  artifactKey: Guid(316ec03175cd0624888999c9e15e0657) Importer(815301076,1909f56bfc062723c751e8b465ee728b)
Start importing Assets/WhiteCity/Models using Guid(316ec03175cd0624888999c9e15e0657) Importer(815301076,1909f56bfc062723c751e8b465ee728b)  -> (artifact id: '0a3d8f8f08398deaad00fe8ad5162e0e') in 0.035939 seconds 
========================================================================
Received Import Request.
  Time since last request: 0.894397 seconds.
  path: Assets/WhiteCity/Models/Buildings
  artifactKey: Guid(a744737932857204a9704b146dba42ef) Importer(815301076,1909f56bfc062723c751e8b465ee728b)
Start importing Assets/WhiteCity/Models/Buildings using Guid(a744737932857204a9704b146dba42ef) Importer(815301076,1909f56bfc062723c751e8b465ee728b)  -> (artifact id: 'd95247e8341d94e0e6bd0c50e35299dc') in 0.033097 seconds 
========================================================================
Received Import Request.
  Time since last request: 0.058533 seconds.
  path: Assets/WhiteCity/Models/Buildings/1.fbx
  artifactKey: Guid(6eda8701cab57474bb48b82c4d94944d) Importer(815301076,1909f56bfc062723c751e8b465ee728b)
Start importing Assets/WhiteCity/Models/Buildings/1.fbx using Guid(6eda8701cab57474bb48b82c4d94944d) Importer(815301076,1909f56bfc062723c751e8b465ee728b)  -> (artifact id: '0114241095532306bef5c067234e8810') in 0.075017 seconds 
========================================================================
Received Import Request.
  Time since last request: 0.000342 seconds.
  path: Assets/WhiteCity/Models/Buildings/3-1.fbx
  artifactKey: Guid(016d566e117d8fd43be08461a2df3027) Importer(815301076,1909f56bfc062723c751e8b465ee728b)
Start importing Assets/WhiteCity/Models/Buildings/3-1.fbx using Guid(016d566e117d8fd43be08461a2df3027) Importer(815301076,1909f56bfc062723c751e8b465ee728b)  -> (artifact id: 'e9b2096cee6421d572e0e61467ac7faa') in 0.096615 seconds 
========================================================================
Received Import Request.
  Time since last request: 0.000347 seconds.
  path: Assets/WhiteCity/Models/Buildings/2-1.fbx
  artifactKey: Guid(3745c28ede9bdf541bc2f0c5a7b3bfd2) Importer(815301076,1909f56bfc062723c751e8b465ee728b)
Start importing Assets/WhiteCity/Models/Buildings/2-1.fbx using Guid(3745c28ede9bdf541bc2f0c5a7b3bfd2) Importer(815301076,1909f56bfc062723c751e8b465ee728b)  -> (artifact id: 'a638072d06aee5bea2f7bbe4391ff846') in 0.077704 seconds 
========================================================================
Received Import Request.
  Time since last request: 0.000421 seconds.
  path: Assets/WhiteCity/Models/Buildings/5.fbx
  artifactKey: Guid(d0f4f4a6ea280eb49a9e01e9ab72fa18) Importer(815301076,1909f56bfc062723c751e8b465ee728b)
Start importing Assets/WhiteCity/Models/Buildings/5.fbx using Guid(d0f4f4a6ea280eb49a9e01e9ab72fa18) Importer(815301076,1909f56bfc062723c751e8b465ee728b)  -> (artifact id: 'a664522a810ffd14ef6245c76abb779f') in 0.070659 seconds 
========================================================================
Received Import Request.
  Time since last request: 0.000341 seconds.
  path: Assets/WhiteCity/Models/Buildings/7.fbx
  artifactKey: Guid(6379b00f66e16cd49b9df04eece629a3) Importer(815301076,1909f56bfc062723c751e8b465ee728b)
Start importing Assets/WhiteCity/Models/Buildings/7.fbx using Guid(6379b00f66e16cd49b9df04eece629a3) Importer(815301076,1909f56bfc062723c751e8b465ee728b)  -> (artifact id: '88b9c342f138088a0d24719fe947f161') in 0.091681 seconds 
========================================================================
Received Import Request.
  Time since last request: 0.000404 seconds.
  path: Assets/WhiteCity/Models/Buildings/6.fbx
  artifactKey: Guid(4151a6192219ff249b121c536513d8ab) Importer(815301076,1909f56bfc062723c751e8b465ee728b)
Start importing Assets/WhiteCity/Models/Buildings/6.fbx using Guid(4151a6192219ff249b121c536513d8ab) Importer(815301076,1909f56bfc062723c751e8b465ee728b)  -> (artifact id: 'aa6cf736312808115d39cd391a96c126') in 0.116822 seconds 
========================================================================
Received Import Request.
  Time since last request: 0.000388 seconds.
  path: Assets/WhiteCity/Models/Buildings/3.fbx
  artifactKey: Guid(1c9654e604a39b44b8293f6a34f7b66c) Importer(815301076,1909f56bfc062723c751e8b465ee728b)
Start importing Assets/WhiteCity/Models/Buildings/3.fbx using Guid(1c9654e604a39b44b8293f6a34f7b66c) Importer(815301076,1909f56bfc062723c751e8b465ee728b)  -> (artifact id: 'dac39ac127448fce1b51fc134c7febf8') in 0.103049 seconds 
========================================================================
Received Import Request.
  Time since last request: 0.000148 seconds.
  path: Assets/WhiteCity/Models/Buildings/2.fbx
  artifactKey: Guid(df5f660a0ad6ab24f8a986c2a33b341f) Importer(815301076,1909f56bfc062723c751e8b465ee728b)
Start importing Assets/WhiteCity/Models/Buildings/2.fbx using Guid(df5f660a0ad6ab24f8a986c2a33b341f) Importer(815301076,1909f56bfc062723c751e8b465ee728b)  -> (artifact id: 'a91a9c47de51be12a0efe0b2b87d3790') in 0.127981 seconds 
========================================================================
Received Import Request.
  Time since last request: 0.000387 seconds.
  path: Assets/WhiteCity/Models/Buildings/p5-8.fbx
  artifactKey: Guid(f01b243fd257015438c2950cdbc4e872) Importer(815301076,1909f56bfc062723c751e8b465ee728b)
Start importing Assets/WhiteCity/Models/Buildings/p5-8.fbx using Guid(f01b243fd257015438c2950cdbc4e872) Importer(815301076,1909f56bfc062723c751e8b465ee728b)  -> (artifact id: '4ce8d70627655994e790084dc6ef5407') in 0.113501 seconds 
========================================================================
Received Import Request.
  Time since last request: 0.000147 seconds.
  path: Assets/WhiteCity/Models/Buildings/8.fbx
  artifactKey: Guid(45414ae893ef0d24aaa8d91a7d834868) Importer(815301076,1909f56bfc062723c751e8b465ee728b)
Start importing Assets/WhiteCity/Models/Buildings/8.fbx using Guid(45414ae893ef0d24aaa8d91a7d834868) Importer(815301076,1909f56bfc062723c751e8b465ee728b)  -> (artifact id: 'eac5b254287319d7d1a69d819f1400ad') in 0.067660 seconds 
========================================================================
Received Import Request.
  Time since last request: 0.000409 seconds.
  path: Assets/WhiteCity/Models/Buildings/p5-4.fbx
  artifactKey: Guid(a894c4c86d9e18f4d9d7ccd1a66399d7) Importer(815301076,1909f56bfc062723c751e8b465ee728b)
Start importing Assets/WhiteCity/Models/Buildings/p5-4.fbx using Guid(a894c4c86d9e18f4d9d7ccd1a66399d7) Importer(815301076,1909f56bfc062723c751e8b465ee728b)  -> (artifact id: '916872d34e37b11aad16f03bd975234b') in 0.127946 seconds 
========================================================================
Received Import Request.
  Time since last request: 0.000348 seconds.
  path: Assets/WhiteCity/Models/Buildings/4.fbx
  artifactKey: Guid(6bf94840710cc534ca5c718dd3733c51) Importer(815301076,1909f56bfc062723c751e8b465ee728b)
Start importing Assets/WhiteCity/Models/Buildings/4.fbx using Guid(6bf94840710cc534ca5c718dd3733c51) Importer(815301076,1909f56bfc062723c751e8b465ee728b)  -> (artifact id: 'b1e827daaa47f51a603676b46e102601') in 0.128166 seconds 
========================================================================
Received Import Request.
  Time since last request: 0.000437 seconds.
  path: Assets/WhiteCity/Models/Buildings/9.fbx
  artifactKey: Guid(f637800949c72bf4c838823bdf15e754) Importer(815301076,1909f56bfc062723c751e8b465ee728b)
Start importing Assets/WhiteCity/Models/Buildings/9.fbx using Guid(f637800949c72bf4c838823bdf15e754) Importer(815301076,1909f56bfc062723c751e8b465ee728b)  -> (artifact id: 'e5a253f3b1d5693974dc8d19b1711ac2') in 0.089669 seconds 
========================================================================
Received Import Request.
  Time since last request: 0.711284 seconds.
  path: Assets/WhiteCity/Models/Buildings/Materials
  artifactKey: Guid(3957b53ffa402544eb15b89022430caf) Importer(815301076,1909f56bfc062723c751e8b465ee728b)
Start importing Assets/WhiteCity/Models/Buildings/Materials using Guid(3957b53ffa402544eb15b89022430caf) Importer(815301076,1909f56bfc062723c751e8b465ee728b)  -> (artifact id: 'dabc7e69ec4282bdd7bf618f1ddc74b7') in 0.036498 seconds 
========================================================================
Received Import Request.
  Time since last request: 0.000559 seconds.
  path: Assets/WhiteCity/Models/Buildings/Materials/05 (9).mat
  artifactKey: Guid(529c0cfbd00130d47800f21bc08f039e) Importer(815301076,1909f56bfc062723c751e8b465ee728b)
Start importing Assets/WhiteCity/Models/Buildings/Materials/05 (9).mat using Guid(529c0cfbd00130d47800f21bc08f039e) Importer(815301076,1909f56bfc062723c751e8b465ee728b)  -> (artifact id: '4079a2d61823ed3c62ab6d49452a9aa6') in 0.141418 seconds 
========================================================================
Received Import Request.
  Time since last request: 0.002960 seconds.
  path: Assets/WhiteCity/Models/Buildings/Materials/b12.mat
  artifactKey: Guid(ea5cf619c570a71499cf551b531745f6) Importer(815301076,1909f56bfc062723c751e8b465ee728b)
Start importing Assets/WhiteCity/Models/Buildings/Materials/b12.mat using Guid(ea5cf619c570a71499cf551b531745f6) Importer(815301076,1909f56bfc062723c751e8b465ee728b)  -> (artifact id: '0c602f2be36f48090054ab07d4d84f80') in 0.098572 seconds 
========================================================================
Received Import Request.
  Time since last request: 0.000396 seconds.
  path: Assets/WhiteCity/Models/Buildings/Materials/b2.mat
  artifactKey: Guid(c0e5deab59a7c22429e6cf07ac305842) Importer(815301076,1909f56bfc062723c751e8b465ee728b)
Start importing Assets/WhiteCity/Models/Buildings/Materials/b2.mat using Guid(c0e5deab59a7c22429e6cf07ac305842) Importer(815301076,1909f56bfc062723c751e8b465ee728b)  -> (artifact id: 'e8f345a72e68550d32c04c8a516d6095') in 0.083919 seconds 
========================================================================
Received Import Request.
  Time since last request: 0.000350 seconds.
  path: Assets/WhiteCity/Models/Buildings/Materials/01 (15).mat
  artifactKey: Guid(be1340931a27ee34491005209e9ac1cf) Importer(815301076,1909f56bfc062723c751e8b465ee728b)
Start importing Assets/WhiteCity/Models/Buildings/Materials/01 (15).mat using Guid(be1340931a27ee34491005209e9ac1cf) Importer(815301076,1909f56bfc062723c751e8b465ee728b)  -> (artifact id: '3c2998b148bda819bdf7d0183b2c02e4') in 0.088094 seconds 
========================================================================
Received Import Request.
  Time since last request: 0.000140 seconds.
  path: Assets/WhiteCity/Models/Buildings/Materials/b3-2.mat
  artifactKey: Guid(1e2f5a37bec567c4fa4483c075b4b840) Importer(815301076,1909f56bfc062723c751e8b465ee728b)
Start importing Assets/WhiteCity/Models/Buildings/Materials/b3-2.mat using Guid(1e2f5a37bec567c4fa4483c075b4b840) Importer(815301076,1909f56bfc062723c751e8b465ee728b)  -> (artifact id: '485cfd510388075f4bdd87b237f2df3e') in 0.084440 seconds 
========================================================================
Received Import Request.
  Time since last request: 0.000371 seconds.
  path: Assets/WhiteCity/Models/Buildings/Materials/b.mat
  artifactKey: Guid(6f3aa0dac2ff3d041a81464c85d6f60a) Importer(815301076,1909f56bfc062723c751e8b465ee728b)
Start importing Assets/WhiteCity/Models/Buildings/Materials/b.mat using Guid(6f3aa0dac2ff3d041a81464c85d6f60a) Importer(815301076,1909f56bfc062723c751e8b465ee728b)  -> (artifact id: '511f4be1343da801304f582f11a41a10') in 0.082146 seconds 
========================================================================
Received Import Request.
  Time since last request: 0.000514 seconds.
  path: Assets/WhiteCity/Models/Buildings/Materials/b9-1.mat
  artifactKey: Guid(abaff2e6c6f61e248a1de0b7581c0ecd) Importer(815301076,1909f56bfc062723c751e8b465ee728b)
Start importing Assets/WhiteCity/Models/Buildings/Materials/b9-1.mat using Guid(abaff2e6c6f61e248a1de0b7581c0ecd) Importer(815301076,1909f56bfc062723c751e8b465ee728b)  -> (artifact id: '03c3a87c4c8cd9f97d43b32341d22219') in 0.121285 seconds 
========================================================================
Received Import Request.
  Time since last request: 0.000763 seconds.
  path: Assets/WhiteCity/Models/Buildings/Materials/n2.mat
  artifactKey: Guid(ecc273dd43817404cb163915ed2966ed) Importer(815301076,1909f56bfc062723c751e8b465ee728b)
Start importing Assets/WhiteCity/Models/Buildings/Materials/n2.mat using Guid(ecc273dd43817404cb163915ed2966ed) Importer(815301076,1909f56bfc062723c751e8b465ee728b)  -> (artifact id: '505a0f6c523b31b46b764254ea5f80ab') in 0.090856 seconds 
========================================================================
Received Import Request.
  Time since last request: 0.000146 seconds.
  path: Assets/WhiteCity/Models/Buildings/Materials/b4.mat
  artifactKey: Guid(c823db213c09c834b9291fa879c9e5eb) Importer(815301076,1909f56bfc062723c751e8b465ee728b)
Start importing Assets/WhiteCity/Models/Buildings/Materials/b4.mat using Guid(c823db213c09c834b9291fa879c9e5eb) Importer(815301076,1909f56bfc062723c751e8b465ee728b)  -> (artifact id: '18fc120d4d6effad39f063c6ecb7554f') in 0.107506 seconds 
========================================================================
Received Import Request.
  Time since last request: 0.000358 seconds.
  path: Assets/WhiteCity/Models/Buildings/Materials/b87.mat
  artifactKey: Guid(17213a5fcfb16cd4bb80c78d85dcc4bd) Importer(815301076,1909f56bfc062723c751e8b465ee728b)
Start importing Assets/WhiteCity/Models/Buildings/Materials/b87.mat using Guid(17213a5fcfb16cd4bb80c78d85dcc4bd) Importer(815301076,1909f56bfc062723c751e8b465ee728b)  -> (artifact id: '14a8a89a5ce6210378514294a77fea48') in 0.103948 seconds 
========================================================================
Received Import Request.
  Time since last request: 0.000163 seconds.
  path: Assets/WhiteCity/Models/Buildings/Materials/06 (7).mat
  artifactKey: Guid(ed2115d86521bad449a04f5b44ec2d98) Importer(815301076,1909f56bfc062723c751e8b465ee728b)
Start importing Assets/WhiteCity/Models/Buildings/Materials/06 (7).mat using Guid(ed2115d86521bad449a04f5b44ec2d98) Importer(815301076,1909f56bfc062723c751e8b465ee728b)  -> (artifact id: '4b485f1e3b5992504c6a9fc4d9cba861') in 0.109667 seconds 
========================================================================
Received Import Request.
  Time since last request: 0.000673 seconds.
  path: Assets/WhiteCity/Models/Buildings/Materials/b5.mat
  artifactKey: Guid(f7d66f5a5cf854747a6809479c3564ec) Importer(815301076,1909f56bfc062723c751e8b465ee728b)
Start importing Assets/WhiteCity/Models/Buildings/Materials/b5.mat using Guid(f7d66f5a5cf854747a6809479c3564ec) Importer(815301076,1909f56bfc062723c751e8b465ee728b)  -> (artifact id: '2b48ce168811a28ea680dcb0b0517fe1') in 0.096612 seconds 
========================================================================
Received Import Request.
  Time since last request: 0.000427 seconds.
  path: Assets/WhiteCity/Models/Buildings/Materials/b1-1.mat
  artifactKey: Guid(3be9231021208864199d8bab6423be59) Importer(815301076,1909f56bfc062723c751e8b465ee728b)
Start importing Assets/WhiteCity/Models/Buildings/Materials/b1-1.mat using Guid(3be9231021208864199d8bab6423be59) Importer(815301076,1909f56bfc062723c751e8b465ee728b)  -> (artifact id: '56331415fc45332a48a759b11ad2fd0e') in 0.103840 seconds 
========================================================================
Received Import Request.
  Time since last request: 0.000162 seconds.
  path: Assets/WhiteCity/Models/Buildings/Materials/orange.mat
  artifactKey: Guid(e25753f11202b824d8204720b0b26e23) Importer(815301076,1909f56bfc062723c751e8b465ee728b)
Start importing Assets/WhiteCity/Models/Buildings/Materials/orange.mat using Guid(e25753f11202b824d8204720b0b26e23) Importer(815301076,1909f56bfc062723c751e8b465ee728b)  -> (artifact id: '7cc02fcf349e778835299e507200e87a') in 0.204372 seconds 
========================================================================
Received Import Request.
  Time since last request: 0.000460 seconds.
  path: Assets/WhiteCity/Models/Buildings/Materials/b7.mat
  artifactKey: Guid(94b8ea75ad770ae4a8692954d7b3e565) Importer(815301076,1909f56bfc062723c751e8b465ee728b)
Start importing Assets/WhiteCity/Models/Buildings/Materials/b7.mat using Guid(94b8ea75ad770ae4a8692954d7b3e565) Importer(815301076,1909f56bfc062723c751e8b465ee728b)  -> (artifact id: '16661efdda1f1dabe6e991fdd6968721') in 0.109447 seconds 
========================================================================
Received Import Request.
  Time since last request: 0.000444 seconds.
  path: Assets/WhiteCity/Models/Buildings/Materials/03 (8).mat
  artifactKey: Guid(a02a7ad95c83627459c7e7ca766928bc) Importer(815301076,1909f56bfc062723c751e8b465ee728b)
Start importing Assets/WhiteCity/Models/Buildings/Materials/03 (8).mat using Guid(a02a7ad95c83627459c7e7ca766928bc) Importer(815301076,1909f56bfc062723c751e8b465ee728b)  -> (artifact id: 'ec51f48d20242c37e5b9e3aa5fe963ba') in 0.130963 seconds 
========================================================================
Received Import Request.
  Time since last request: 0.000454 seconds.
  path: Assets/WhiteCity/Models/Buildings/Materials/b3-1.mat
  artifactKey: Guid(0cc39ea3a36172d439a872bcdf8c3d60) Importer(815301076,1909f56bfc062723c751e8b465ee728b)
Start importing Assets/WhiteCity/Models/Buildings/Materials/b3-1.mat using Guid(0cc39ea3a36172d439a872bcdf8c3d60) Importer(815301076,1909f56bfc062723c751e8b465ee728b)  -> (artifact id: 'e5cf8f5f989e661d78adc73472e40533') in 0.127468 seconds 
========================================================================
Received Import Request.
  Time since last request: 0.000513 seconds.
  path: Assets/WhiteCity/Models/Buildings/Materials/b8.mat
  artifactKey: Guid(66b15b6002815bf439bc3dad5da76f33) Importer(815301076,1909f56bfc062723c751e8b465ee728b)
Start importing Assets/WhiteCity/Models/Buildings/Materials/b8.mat using Guid(66b15b6002815bf439bc3dad5da76f33) Importer(815301076,1909f56bfc062723c751e8b465ee728b)  -> (artifact id: '6f751577056404045b3c913beb96e854') in 0.106149 seconds 
========================================================================
Received Import Request.
  Time since last request: 0.000414 seconds.
  path: Assets/WhiteCity/Models/Buildings/Materials/h2.mat
  artifactKey: Guid(5ecc3b75eb52b154db3ada675106c729) Importer(815301076,1909f56bfc062723c751e8b465ee728b)
Start importing Assets/WhiteCity/Models/Buildings/Materials/h2.mat using Guid(5ecc3b75eb52b154db3ada675106c729) Importer(815301076,1909f56bfc062723c751e8b465ee728b)  -> (artifact id: '691d609e66056aae6b3502b843573ae0') in 0.094847 seconds 
========================================================================
Received Import Request.
  Time since last request: 0.000151 seconds.
  path: Assets/WhiteCity/Models/Buildings/Materials/b6.mat
  artifactKey: Guid(8d6a8ab164fd36340871beae26805e66) Importer(815301076,1909f56bfc062723c751e8b465ee728b)
Start importing Assets/WhiteCity/Models/Buildings/Materials/b6.mat using Guid(8d6a8ab164fd36340871beae26805e66) Importer(815301076,1909f56bfc062723c751e8b465ee728b)  -> (artifact id: '3aa282268cd7380b6a5bb810b48ff332') in 0.134042 seconds 
========================================================================
Received Import Request.
  Time since last request: 0.000410 seconds.
  path: Assets/WhiteCity/Models/Buildings/Materials/lambert1.mat
  artifactKey: Guid(d09b485b81c6a014c81b8ea275d46ca7) Importer(815301076,1909f56bfc062723c751e8b465ee728b)
Start importing Assets/WhiteCity/Models/Buildings/Materials/lambert1.mat using Guid(d09b485b81c6a014c81b8ea275d46ca7) Importer(815301076,1909f56bfc062723c751e8b465ee728b)  -> (artifact id: '42c7a94e36ccadabf88f95f0e31a5416') in 0.101465 seconds 
========================================================================
Received Import Request.
  Time since last request: 0.000641 seconds.
  path: Assets/WhiteCity/Models/Buildings/Materials/c3.mat
  artifactKey: Guid(ca157491ae27260468fd6c253e26a5af) Importer(815301076,1909f56bfc062723c751e8b465ee728b)
Start importing Assets/WhiteCity/Models/Buildings/Materials/c3.mat using Guid(ca157491ae27260468fd6c253e26a5af) Importer(815301076,1909f56bfc062723c751e8b465ee728b)  -> (artifact id: '6ea1d2399f3bd53d9d39ba775640c71f') in 0.101192 seconds 
========================================================================
Received Import Request.
  Time since last request: 0.001210 seconds.
  path: Assets/WhiteCity/Models/Buildings/Materials/m2.mat
  artifactKey: Guid(ec8973e640397c74f886fa21123687ce) Importer(815301076,1909f56bfc062723c751e8b465ee728b)
Start importing Assets/WhiteCity/Models/Buildings/Materials/m2.mat using Guid(ec8973e640397c74f886fa21123687ce) Importer(815301076,1909f56bfc062723c751e8b465ee728b)  -> (artifact id: '9702317f40096677c4551567568e209a') in 0.075536 seconds 
========================================================================
Received Import Request.
  Time since last request: 0.002933 seconds.
  path: Assets/WhiteCity/Models/Buildings/Materials/v4.mat
  artifactKey: Guid(6d6f4c86b9b796f4f852501e0877173f) Importer(815301076,1909f56bfc062723c751e8b465ee728b)
Start importing Assets/WhiteCity/Models/Buildings/Materials/v4.mat using Guid(6d6f4c86b9b796f4f852501e0877173f) Importer(815301076,1909f56bfc062723c751e8b465ee728b)  -> (artifact id: '098d08a01057e774ec83d110b0e79577') in 0.119059 seconds 
========================================================================
Received Import Request.
  Time since last request: 0.000663 seconds.
  path: Assets/WhiteCity/Models/Buildings/Materials/b3.mat
  artifactKey: Guid(4e7c2a4e38ce4e7469ef981fa12cade0) Importer(815301076,1909f56bfc062723c751e8b465ee728b)
Start importing Assets/WhiteCity/Models/Buildings/Materials/b3.mat using Guid(4e7c2a4e38ce4e7469ef981fa12cade0) Importer(815301076,1909f56bfc062723c751e8b465ee728b)  -> (artifact id: '802c6ca7db0a3a6637c1c12eb60939f9') in 0.243648 seconds 
========================================================================
Received Import Request.
  Time since last request: 0.000179 seconds.
  path: Assets/WhiteCity/Models/Buildings/Materials/5.mat
  artifactKey: Guid(cf5ec46cca0e3784c8e8ed2adc07d424) Importer(815301076,1909f56bfc062723c751e8b465ee728b)
Start importing Assets/WhiteCity/Models/Buildings/Materials/5.mat using Guid(cf5ec46cca0e3784c8e8ed2adc07d424) Importer(815301076,1909f56bfc062723c751e8b465ee728b)  -> (artifact id: 'be0bf6bf11f32fac4dff9b7ea8345312') in 0.135642 seconds 
========================================================================
Received Import Request.
  Time since last request: 0.001008 seconds.
  path: Assets/WhiteCity/Models/Buildings/Materials/b4-3.mat
  artifactKey: Guid(08a700b757b21744089a6ed03a436030) Importer(815301076,1909f56bfc062723c751e8b465ee728b)
Start importing Assets/WhiteCity/Models/Buildings/Materials/b4-3.mat using Guid(08a700b757b21744089a6ed03a436030) Importer(815301076,1909f56bfc062723c751e8b465ee728b)  -> (artifact id: '0c3cf37aafb5f3901016f205e7f72922') in 0.213009 seconds 
========================================================================
Received Import Request.
  Time since last request: 0.000589 seconds.
  path: Assets/WhiteCity/Models/Buildings/Materials/b2-2.mat
  artifactKey: Guid(00d0da6cbf30c1440bce2c1a4dfea6bf) Importer(815301076,1909f56bfc062723c751e8b465ee728b)
Start importing Assets/WhiteCity/Models/Buildings/Materials/b2-2.mat using Guid(00d0da6cbf30c1440bce2c1a4dfea6bf) Importer(815301076,1909f56bfc062723c751e8b465ee728b)  -> (artifact id: '1dade2cf6141f2d97bc851ddda89b50f') in 0.195032 seconds 
========================================================================
Received Import Request.
  Time since last request: 0.000784 seconds.
  path: Assets/WhiteCity/Models/Buildings/Materials/b6-1.mat
  artifactKey: Guid(313045ffbb76988449f1faccd80570bb) Importer(815301076,1909f56bfc062723c751e8b465ee728b)
Start importing Assets/WhiteCity/Models/Buildings/Materials/b6-1.mat using Guid(313045ffbb76988449f1faccd80570bb) Importer(815301076,1909f56bfc062723c751e8b465ee728b)  -> (artifact id: '2ab35363bc9740a9e76e8a065b3e6adb') in 0.044757 seconds 
========================================================================
Received Import Request.
  Time since last request: 0.000877 seconds.
  path: Assets/WhiteCity/Models/Buildings/Materials/b5-1.mat
  artifactKey: Guid(a31446a010d7d694da579576b289bb89) Importer(815301076,1909f56bfc062723c751e8b465ee728b)
Start importing Assets/WhiteCity/Models/Buildings/Materials/b5-1.mat using Guid(a31446a010d7d694da579576b289bb89) Importer(815301076,1909f56bfc062723c751e8b465ee728b)  -> (artifact id: 'e522c4a1619786d0e1b0799e25acac68') in 0.164070 seconds 
========================================================================
Received Import Request.
  Time since last request: 0.000815 seconds.
  path: Assets/WhiteCity/Models/Buildings/Materials/03 (9).mat
  artifactKey: Guid(6cf9476470966604c9ce286a28a6b4dc) Importer(815301076,1909f56bfc062723c751e8b465ee728b)
Start importing Assets/WhiteCity/Models/Buildings/Materials/03 (9).mat using Guid(6cf9476470966604c9ce286a28a6b4dc) Importer(815301076,1909f56bfc062723c751e8b465ee728b)  -> (artifact id: '78dba053eb66183a60928778eb5e85ca') in 0.213529 seconds 
========================================================================
Received Import Request.
  Time since last request: 0.000809 seconds.
  path: Assets/WhiteCity/Models/Buildings/Materials/depositphotos_8483461-Seamless-pattern-resembling-glass-windows-on-a-modern-building.mat
  artifactKey: Guid(923db6f4baf3a40409aa01c577fb2b5a) Importer(815301076,1909f56bfc062723c751e8b465ee728b)
Start importing Assets/WhiteCity/Models/Buildings/Materials/depositphotos_8483461-Seamless-pattern-resembling-glass-windows-on-a-modern-building.mat using Guid(923db6f4baf3a40409aa01c577fb2b5a) Importer(815301076,1909f56bfc062723c751e8b465ee728b)  -> (artifact id: 'cee6d25ab7480e2aa7f3d4f1ad537784') in 0.154456 seconds 
========================================================================
Received Import Request.
  Time since last request: 0.000146 seconds.
  path: Assets/WhiteCity/Models/Buildings/Materials/z2.mat
  artifactKey: Guid(7861e55d3907eda4eae7b602d48fa18a) Importer(815301076,1909f56bfc062723c751e8b465ee728b)
Start importing Assets/WhiteCity/Models/Buildings/Materials/z2.mat using Guid(7861e55d3907eda4eae7b602d48fa18a) Importer(815301076,1909f56bfc062723c751e8b465ee728b)  -> (artifact id: 'c42f3172844e6540b3b049b3b9b25810') in 0.183102 seconds 
========================================================================
Received Import Request.
  Time since last request: 0.001954 seconds.
  path: Assets/WhiteCity/Models/Buildings/Materials/b4-1.mat
  artifactKey: Guid(16571a3bb7d80e3408d5bb613d38a483) Importer(815301076,1909f56bfc062723c751e8b465ee728b)
Start importing Assets/WhiteCity/Models/Buildings/Materials/b4-1.mat using Guid(16571a3bb7d80e3408d5bb613d38a483) Importer(815301076,1909f56bfc062723c751e8b465ee728b)  -> (artifact id: '5acda35d1fb5e810b5f242641fec4e55') in 0.160516 seconds 
========================================================================
Received Import Request.
  Time since last request: 0.001932 seconds.
  path: Assets/WhiteCity/Models/Buildings/Materials/b7-1.mat
  artifactKey: Guid(9f723c8f07f957e4da495e12b2779ca0) Importer(815301076,1909f56bfc062723c751e8b465ee728b)
Start importing Assets/WhiteCity/Models/Buildings/Materials/b7-1.mat using Guid(9f723c8f07f957e4da495e12b2779ca0) Importer(815301076,1909f56bfc062723c751e8b465ee728b)  -> (artifact id: 'd2f03907c68b77878284814f0a728f43') in 0.134990 seconds 
========================================================================
Received Import Request.
  Time since last request: 0.000723 seconds.
  path: Assets/WhiteCity/Models/Buildings/Materials/b9-2.mat
  artifactKey: Guid(aea4367c3439bfa4cb701b038e72d72a) Importer(815301076,1909f56bfc062723c751e8b465ee728b)
Start importing Assets/WhiteCity/Models/Buildings/Materials/b9-2.mat using Guid(aea4367c3439bfa4cb701b038e72d72a) Importer(815301076,1909f56bfc062723c751e8b465ee728b)  -> (artifact id: '98349de54c0471228549b0cfb964474e') in 0.126823 seconds 
========================================================================
Received Import Request.
  Time since last request: 0.000975 seconds.
  path: Assets/WhiteCity/Models/Buildings/Materials/i2.mat
  artifactKey: Guid(8c1bbe45873a342408e1b2a3bee5646f) Importer(815301076,1909f56bfc062723c751e8b465ee728b)
Start importing Assets/WhiteCity/Models/Buildings/Materials/i2.mat using Guid(8c1bbe45873a342408e1b2a3bee5646f) Importer(815301076,1909f56bfc062723c751e8b465ee728b)  -> (artifact id: 'dbf1b85a04a6c604bd38474eae60d330') in 0.101589 seconds 
========================================================================
Received Import Request.
  Time since last request: 0.001311 seconds.
  path: Assets/WhiteCity/Models/Buildings/Materials/x2.mat
  artifactKey: Guid(e2cd3d0b427e8e045bcea6c1754c51ef) Importer(815301076,1909f56bfc062723c751e8b465ee728b)
Start importing Assets/WhiteCity/Models/Buildings/Materials/x2.mat using Guid(e2cd3d0b427e8e045bcea6c1754c51ef) Importer(815301076,1909f56bfc062723c751e8b465ee728b)  -> (artifact id: 'd3e9b0d1f22c75c98a85d877bf5c8725') in 0.115914 seconds 
========================================================================
Received Import Request.
  Time since last request: 0.002252 seconds.
  path: Assets/WhiteCity/Models/Buildings/Materials/4-2.mat
  artifactKey: Guid(475d2e2c3ff9b3e4eb3d9d59f2e072a3) Importer(815301076,1909f56bfc062723c751e8b465ee728b)
Start importing Assets/WhiteCity/Models/Buildings/Materials/4-2.mat using Guid(475d2e2c3ff9b3e4eb3d9d59f2e072a3) Importer(815301076,1909f56bfc062723c751e8b465ee728b)  -> (artifact id: '5bbae7e0f4ac381cdbfee384d7bf94fb') in 0.137106 seconds 
========================================================================
Received Import Request.
  Time since last request: 0.000699 seconds.
  path: Assets/WhiteCity/Models/Buildings/Materials/b9.mat
  artifactKey: Guid(6642346c671ae614dad01dfbd7c930b8) Importer(815301076,1909f56bfc062723c751e8b465ee728b)
Start importing Assets/WhiteCity/Models/Buildings/Materials/b9.mat using Guid(6642346c671ae614dad01dfbd7c930b8) Importer(815301076,1909f56bfc062723c751e8b465ee728b)  -> (artifact id: '6050cdc8b1f12d8c2a3266beb03b1fd2') in 0.145494 seconds 
========================================================================
Received Import Request.
  Time since last request: 0.000819 seconds.
  path: Assets/WhiteCity/Models/Buildings/Materials/b1.mat
  artifactKey: Guid(f632b1c8557e32d43bff941c3a868a84) Importer(815301076,1909f56bfc062723c751e8b465ee728b)
Start importing Assets/WhiteCity/Models/Buildings/Materials/b1.mat using Guid(f632b1c8557e32d43bff941c3a868a84) Importer(815301076,1909f56bfc062723c751e8b465ee728b)  -> (artifact id: 'def3e02786f353eeb144c9020d375c52') in 0.124836 seconds 
========================================================================
Received Import Request.
  Time since last request: 0.016353 seconds.
  path: Assets/WhiteCity/Models/Buildings/Materials/b4-2.mat
  artifactKey: Guid(0e5d9e87db75fbb41be0cdc300f654e9) Importer(815301076,1909f56bfc062723c751e8b465ee728b)
Start importing Assets/WhiteCity/Models/Buildings/Materials/b4-2.mat using Guid(0e5d9e87db75fbb41be0cdc300f654e9) Importer(815301076,1909f56bfc062723c751e8b465ee728b)  -> (artifact id: 'a234a0c0d78640ac8b04a4e45323d16c') in 0.196217 seconds 
========================================================================
Received Import Request.
  Time since last request: 0.000554 seconds.
  path: Assets/WhiteCity/Models/Buildings/Materials/07 (6).mat
  artifactKey: Guid(7d287c1a1581a1d45820c00d2619e995) Importer(815301076,1909f56bfc062723c751e8b465ee728b)
Start importing Assets/WhiteCity/Models/Buildings/Materials/07 (6).mat using Guid(7d287c1a1581a1d45820c00d2619e995) Importer(815301076,1909f56bfc062723c751e8b465ee728b)  -> (artifact id: '3620d525fc55edb8c53caaf4cc1216fc') in 0.147487 seconds 
========================================================================
Received Import Request.
  Time since last request: 0.000164 seconds.
  path: Assets/WhiteCity/Models/Buildings/Materials/05 (8).mat
  artifactKey: Guid(0de8f807e4effcf488cd48d784a3a7b0) Importer(815301076,1909f56bfc062723c751e8b465ee728b)
Start importing Assets/WhiteCity/Models/Buildings/Materials/05 (8).mat using Guid(0de8f807e4effcf488cd48d784a3a7b0) Importer(815301076,1909f56bfc062723c751e8b465ee728b)  -> (artifact id: '03ef757c1164e4705c2abceba5e4c05d') in 0.119200 seconds 
========================================================================
Received Import Request.
  Time since last request: 0.000535 seconds.
  path: Assets/WhiteCity/Models/Buildings/Materials/v2.mat
  artifactKey: Guid(1de7ab3739fcd1145ba7f5f79a1a42fb) Importer(815301076,1909f56bfc062723c751e8b465ee728b)
Start importing Assets/WhiteCity/Models/Buildings/Materials/v2.mat using Guid(1de7ab3739fcd1145ba7f5f79a1a42fb) Importer(815301076,1909f56bfc062723c751e8b465ee728b)  -> (artifact id: '4ed5f9ab85897aeb1e851b36e825de25') in 0.197350 seconds 
========================================================================
Received Import Request.
  Time since last request: 40.243148 seconds.
  path: Assets/Geopipe/Pack02/NYBlock02/Materials
  artifactKey: Guid(f08f679481211284b93ec90e86c7f5d8) Importer(815301076,1909f56bfc062723c751e8b465ee728b)
Start importing Assets/Geopipe/Pack02/NYBlock02/Materials using Guid(f08f679481211284b93ec90e86c7f5d8) Importer(815301076,1909f56bfc062723c751e8b465ee728b)  -> (artifact id: 'e7538b6b5164774a4c52668a166ca91a') in 0.049334 seconds 
========================================================================
Received Import Request.
  Time since last request: 0.000333 seconds.
  path: Assets/Geopipe/Pack02/NYBlock02/Materials/ortho05.mat
  artifactKey: Guid(4fec8e28f2c028b4e9b5d9aebe4075db) Importer(815301076,1909f56bfc062723c751e8b465ee728b)
Start importing Assets/Geopipe/Pack02/NYBlock02/Materials/ortho05.mat using Guid(4fec8e28f2c028b4e9b5d9aebe4075db) Importer(815301076,1909f56bfc062723c751e8b465ee728b)  -> (artifact id: 'cc4c38a861ec85e1930fbd65845afbcf') in 0.494023 seconds 
========================================================================
Received Import Request.
  Time since last request: 0.001180 seconds.
  path: Assets/Geopipe/Pack02/NYBlock02/Materials/ortho24_bottom.mat
  artifactKey: Guid(9c25e794ef5ddcf49a42cfb95d2798c7) Importer(815301076,1909f56bfc062723c751e8b465ee728b)
Start importing Assets/Geopipe/Pack02/NYBlock02/Materials/ortho24_bottom.mat using Guid(9c25e794ef5ddcf49a42cfb95d2798c7) Importer(815301076,1909f56bfc062723c751e8b465ee728b)  -> (artifact id: 'b830bfeb858938beb93416c5d3e3d3a0') in 0.305404 seconds 
========================================================================
Received Import Request.
  Time since last request: 0.003925 seconds.
  path: Assets/Geopipe/Pack02/NYBlock02/Materials/brick5.mat
  artifactKey: Guid(50d35a5e3c60d9e4ab240aaf6bdd018a) Importer(815301076,1909f56bfc062723c751e8b465ee728b)
Start importing Assets/Geopipe/Pack02/NYBlock02/Materials/brick5.mat using Guid(50d35a5e3c60d9e4ab240aaf6bdd018a) Importer(815301076,1909f56bfc062723c751e8b465ee728b)  -> (artifact id: '371a94ef018ef9597e98b4b960dae589') in 0.206780 seconds 
========================================================================
Received Import Request.
  Time since last request: 0.000823 seconds.
  path: Assets/Geopipe/Pack02/NYBlock02/Materials/ortho00_bottom.mat
  artifactKey: Guid(3529ff1b78e6b8546864b836d9a32b10) Importer(815301076,1909f56bfc062723c751e8b465ee728b)
Start importing Assets/Geopipe/Pack02/NYBlock02/Materials/ortho00_bottom.mat using Guid(3529ff1b78e6b8546864b836d9a32b10) Importer(815301076,1909f56bfc062723c751e8b465ee728b)  -> (artifact id: 'b96088e73c088b89af623a5abd3af540') in 0.764337 seconds 
========================================================================
Received Import Request.
  Time since last request: 0.005258 seconds.
  path: Assets/Geopipe/Pack02/NYBlock02/Materials/ortho19.mat
  artifactKey: Guid(50406391071a9f34187bb8568f945ee5) Importer(815301076,1909f56bfc062723c751e8b465ee728b)
Start importing Assets/Geopipe/Pack02/NYBlock02/Materials/ortho19.mat using Guid(50406391071a9f34187bb8568f945ee5) Importer(815301076,1909f56bfc062723c751e8b465ee728b)  -> (artifact id: '779390f201fb4d70be99bfecc9fa1d42') in 1.007734 seconds 
========================================================================
Received Import Request.
  Time since last request: 0.001613 seconds.
  path: Assets/Geopipe/Pack02/NYBlock02/Materials/ortho06_bottom.mat
  artifactKey: Guid(a360fa95ea9fda64589ecbe11ad40022) Importer(815301076,1909f56bfc062723c751e8b465ee728b)
Start importing Assets/Geopipe/Pack02/NYBlock02/Materials/ortho06_bottom.mat using Guid(a360fa95ea9fda64589ecbe11ad40022) Importer(815301076,1909f56bfc062723c751e8b465ee728b)  -> (artifact id: '3906aeaee2822847e56c339f254cbcd0') in 0.219430 seconds 
========================================================================
Received Import Request.
  Time since last request: 0.001258 seconds.
  path: Assets/Geopipe/Pack02/NYBlock02/Materials/ortho24.mat
  artifactKey: Guid(7b7fa47bd48634e4490ae80b6830afe0) Importer(815301076,1909f56bfc062723c751e8b465ee728b)
Start importing Assets/Geopipe/Pack02/NYBlock02/Materials/ortho24.mat using Guid(7b7fa47bd48634e4490ae80b6830afe0) Importer(815301076,1909f56bfc062723c751e8b465ee728b)  -> (artifact id: '860856dc3e65c66056e06958191c410e') in 0.279158 seconds 
========================================================================
Received Import Request.
  Time since last request: 0.096557 seconds.
  path: Assets/Geopipe/Pack02/NYBlock02/Materials/glass1.mat
  artifactKey: Guid(bcc78a43f6d48394bac49fc3a37e128c) Importer(815301076,1909f56bfc062723c751e8b465ee728b)
Start importing Assets/Geopipe/Pack02/NYBlock02/Materials/glass1.mat using Guid(bcc78a43f6d48394bac49fc3a37e128c) Importer(815301076,1909f56bfc062723c751e8b465ee728b)  -> (artifact id: 'bfae77db641329ac5880e4ce4e8d2540') in 0.232343 seconds 
========================================================================
Received Import Request.
  Time since last request: 0.005806 seconds.
  path: Assets/Geopipe/Pack02/NYBlock02/Materials/ortho17_bottom.mat
  artifactKey: Guid(fa0e69d6c4f68684898d8e19f458de5e) Importer(815301076,1909f56bfc062723c751e8b465ee728b)
Start importing Assets/Geopipe/Pack02/NYBlock02/Materials/ortho17_bottom.mat using Guid(fa0e69d6c4f68684898d8e19f458de5e) Importer(815301076,1909f56bfc062723c751e8b465ee728b)  -> (artifact id: '79ade23ae66a6c333f544ef0fb979876') in 0.273097 seconds 
========================================================================
Received Import Request.
  Time since last request: 0.001752 seconds.
  path: Assets/Geopipe/Pack02/NYBlock02/Materials/ortho01.mat
  artifactKey: Guid(4620a83f256bc914bbf07cc80bbc7837) Importer(815301076,1909f56bfc062723c751e8b465ee728b)
Start importing Assets/Geopipe/Pack02/NYBlock02/Materials/ortho01.mat using Guid(4620a83f256bc914bbf07cc80bbc7837) Importer(815301076,1909f56bfc062723c751e8b465ee728b)  -> (artifact id: '120fc7f55ada4f3665411c19137eaf36') in 0.305985 seconds 
========================================================================
Received Import Request.
  Time since last request: 0.001542 seconds.
  path: Assets/Geopipe/Pack02/NYBlock02/Materials/brick4.mat
  artifactKey: Guid(3b2b13883c8f1bc419e9d734ce1560e4) Importer(815301076,1909f56bfc062723c751e8b465ee728b)
Start importing Assets/Geopipe/Pack02/NYBlock02/Materials/brick4.mat using Guid(3b2b13883c8f1bc419e9d734ce1560e4) Importer(815301076,1909f56bfc062723c751e8b465ee728b)  -> (artifact id: 'd32bd838c5f0b5d7a438cc67fc19f01c') in 0.400991 seconds 
========================================================================
Received Import Request.
  Time since last request: 0.001973 seconds.
  path: Assets/Geopipe/Pack02/NYBlock02/Materials/ortho16_bottom.mat
  artifactKey: Guid(62de476d66731a54c8ce844d3aae9557) Importer(815301076,1909f56bfc062723c751e8b465ee728b)
Start importing Assets/Geopipe/Pack02/NYBlock02/Materials/ortho16_bottom.mat using Guid(62de476d66731a54c8ce844d3aae9557) Importer(815301076,1909f56bfc062723c751e8b465ee728b)  -> (artifact id: '1bc5b1909169120db47c4552bc7be407') in 0.599891 seconds 
========================================================================
Received Import Request.
  Time since last request: 0.001961 seconds.
  path: Assets/Geopipe/Pack02/NYBlock02/Materials/ortho21.mat
  artifactKey: Guid(705f4214069981e4c9862e97fcd4e15e) Importer(815301076,1909f56bfc062723c751e8b465ee728b)
Start importing Assets/Geopipe/Pack02/NYBlock02/Materials/ortho21.mat using Guid(705f4214069981e4c9862e97fcd4e15e) Importer(815301076,1909f56bfc062723c751e8b465ee728b)  -> (artifact id: 'a8c71187663188bceb344de839a08e22') in 0.606189 seconds 
========================================================================
Received Import Request.
  Time since last request: 0.003401 seconds.
  path: Assets/Geopipe/Pack02/NYBlock02/Materials/ortho09_bottom.mat
  artifactKey: Guid(b98ecc9fd2d5f5c4aa50cce3a86022c0) Importer(815301076,1909f56bfc062723c751e8b465ee728b)
Start importing Assets/Geopipe/Pack02/NYBlock02/Materials/ortho09_bottom.mat using Guid(b98ecc9fd2d5f5c4aa50cce3a86022c0) Importer(815301076,1909f56bfc062723c751e8b465ee728b)  -> (artifact id: '0b7e60f192b99013755e0bd6f34c633c') in 1.143582 seconds 
========================================================================
Received Import Request.
  Time since last request: 0.002150 seconds.
  path: Assets/Geopipe/Pack02/NYBlock02/Materials/ortho23.mat
  artifactKey: Guid(dd298231e1d22a442a795115e654a9cb) Importer(815301076,1909f56bfc062723c751e8b465ee728b)
Start importing Assets/Geopipe/Pack02/NYBlock02/Materials/ortho23.mat using Guid(dd298231e1d22a442a795115e654a9cb) Importer(815301076,1909f56bfc062723c751e8b465ee728b)  -> (artifact id: 'd301ab3719d08cb988832aacffb5ec51') in 1.537747 seconds 
========================================================================
Received Import Request.
  Time since last request: 0.001158 seconds.
  path: Assets/Geopipe/Pack02/NYBlock02/Materials/brick1.mat
  artifactKey: Guid(d00f021bd5c62a94088efa80873b4c8e) Importer(815301076,1909f56bfc062723c751e8b465ee728b)
Start importing Assets/Geopipe/Pack02/NYBlock02/Materials/brick1.mat using Guid(d00f021bd5c62a94088efa80873b4c8e) Importer(815301076,1909f56bfc062723c751e8b465ee728b)  -> (artifact id: '22e073ae25b644b45c1ea4f5c9152afd') in 0.709360 seconds 
========================================================================
Received Import Request.
  Time since last request: 0.000986 seconds.
  path: Assets/Geopipe/Pack02/NYBlock02/Materials/ortho08_bottom.mat
  artifactKey: Guid(eb4a511d204bd6249ba90efc298a8481) Importer(815301076,1909f56bfc062723c751e8b465ee728b)
Start importing Assets/Geopipe/Pack02/NYBlock02/Materials/ortho08_bottom.mat using Guid(eb4a511d204bd6249ba90efc298a8481) Importer(815301076,1909f56bfc062723c751e8b465ee728b)  -> (artifact id: '6dbefd79f20c5b0777709c7a09ff7eaf') in 0.236984 seconds 
========================================================================
Received Import Request.
  Time since last request: 0.001266 seconds.
  path: Assets/Geopipe/Pack02/NYBlock02/Materials/ortho15.mat
  artifactKey: Guid(2d18a2033c6b9934b827a48829f06600) Importer(815301076,1909f56bfc062723c751e8b465ee728b)
Start importing Assets/Geopipe/Pack02/NYBlock02/Materials/ortho15.mat using Guid(2d18a2033c6b9934b827a48829f06600) Importer(815301076,1909f56bfc062723c751e8b465ee728b)  -> (artifact id: '227e4ded6e765fc5e2d76db944713d28') in 0.252496 seconds 
========================================================================
Received Import Request.
  Time since last request: 0.000887 seconds.
  path: Assets/Geopipe/Pack02/NYBlock02/Materials/ortho22_bottom.mat
  artifactKey: Guid(4bb9587e51d0a3a41a33614612066764) Importer(815301076,1909f56bfc062723c751e8b465ee728b)
Start importing Assets/Geopipe/Pack02/NYBlock02/Materials/ortho22_bottom.mat using Guid(4bb9587e51d0a3a41a33614612066764) Importer(815301076,1909f56bfc062723c751e8b465ee728b)  -> (artifact id: '56cbb3022399ccecd9fe732580ff2403') in 1.324197 seconds 
========================================================================
Received Import Request.
  Time since last request: 0.000849 seconds.
  path: Assets/Geopipe/Pack02/NYBlock02/Materials/glass3.mat
  artifactKey: Guid(1e326b0ae14dbc84e966c7da0916e37c) Importer(815301076,1909f56bfc062723c751e8b465ee728b)
Start importing Assets/Geopipe/Pack02/NYBlock02/Materials/glass3.mat using Guid(1e326b0ae14dbc84e966c7da0916e37c) Importer(815301076,1909f56bfc062723c751e8b465ee728b)  -> (artifact id: '37d99c0f45d44f3bd9f6361580dc754a') in 0.246839 seconds 
========================================================================
Received Import Request.
  Time since last request: 0.001334 seconds.
  path: Assets/Geopipe/Pack02/NYBlock02/Materials/ortho20_bottom.mat
  artifactKey: Guid(26381ff01f6272c47a3fde448c375ea2) Importer(815301076,1909f56bfc062723c751e8b465ee728b)
Start importing Assets/Geopipe/Pack02/NYBlock02/Materials/ortho20_bottom.mat using Guid(26381ff01f6272c47a3fde448c375ea2) Importer(815301076,1909f56bfc062723c751e8b465ee728b)  -> (artifact id: '62eaff3ffc7dae13e2df2a9ad46a4a30') in 0.173513 seconds 
========================================================================
Received Import Request.
  Time since last request: 0.001157 seconds.
  path: Assets/Geopipe/Pack02/NYBlock02/Materials/brick3.mat
  artifactKey: Guid(17b88089dc091dc42bedd3fa247e79b0) Importer(815301076,1909f56bfc062723c751e8b465ee728b)
Start importing Assets/Geopipe/Pack02/NYBlock02/Materials/brick3.mat using Guid(17b88089dc091dc42bedd3fa247e79b0) Importer(815301076,1909f56bfc062723c751e8b465ee728b)  -> (artifact id: '3ea38a92ce6224e983a425d09b693bae') in 0.180638 seconds 
========================================================================
Received Import Request.
  Time since last request: 0.001579 seconds.
  path: Assets/Geopipe/Pack02/NYBlock02/Materials/ortho19_bottom.mat
  artifactKey: Guid(02d21f192bf3bdb4f9ac86f06acd5258) Importer(815301076,1909f56bfc062723c751e8b465ee728b)
Start importing Assets/Geopipe/Pack02/NYBlock02/Materials/ortho19_bottom.mat using Guid(02d21f192bf3bdb4f9ac86f06acd5258) Importer(815301076,1909f56bfc062723c751e8b465ee728b)  -> (artifact id: '7a5958fb4438e60ce84a75760f3309ee') in 1.983063 seconds 
========================================================================
Received Import Request.
  Time since last request: 0.000423 seconds.
  path: Assets/Geopipe/Pack02/NYBlock02/Materials/ortho14_bottom.mat
  artifactKey: Guid(3c4e57770776d2f4a8bd932f7da9d128) Importer(815301076,1909f56bfc062723c751e8b465ee728b)
Start importing Assets/Geopipe/Pack02/NYBlock02/Materials/ortho14_bottom.mat using Guid(3c4e57770776d2f4a8bd932f7da9d128) Importer(815301076,1909f56bfc062723c751e8b465ee728b)  -> (artifact id: 'e62d58f1d7741fbedd733a0377bd6e9b') in 1.294983 seconds 
========================================================================
Received Import Request.
  Time since last request: 0.003288 seconds.
  path: Assets/Geopipe/Pack02/NYBlock02/Materials/ortho12_bottom.mat
  artifactKey: Guid(e231170ba7c1096438bc867ec901df62) Importer(815301076,1909f56bfc062723c751e8b465ee728b)
Start importing Assets/Geopipe/Pack02/NYBlock02/Materials/ortho12_bottom.mat using Guid(e231170ba7c1096438bc867ec901df62) Importer(815301076,1909f56bfc062723c751e8b465ee728b)  -> (artifact id: '59be013e50f6dce289a5fcfc676e7372') in 0.541610 seconds 
========================================================================
Received Import Request.
  Time since last request: 0.001336 seconds.
  path: Assets/Geopipe/Pack02/NYBlock02/Materials/ortho22.mat
  artifactKey: Guid(3163f2d67da7b1e458a05a4f31ae48e8) Importer(815301076,1909f56bfc062723c751e8b465ee728b)
Start importing Assets/Geopipe/Pack02/NYBlock02/Materials/ortho22.mat using Guid(3163f2d67da7b1e458a05a4f31ae48e8) Importer(815301076,1909f56bfc062723c751e8b465ee728b)  -> (artifact id: 'b4d724b3ad7e02d7219f5df3068750fd') in 0.349624 seconds 
========================================================================
Received Import Request.
  Time since last request: 0.001222 seconds.
  path: Assets/Geopipe/Pack02/NYBlock02/Materials/metal1.mat
  artifactKey: Guid(5a36bb9308fae76428f64f8210a5fbf5) Importer(815301076,1909f56bfc062723c751e8b465ee728b)
Start importing Assets/Geopipe/Pack02/NYBlock02/Materials/metal1.mat using Guid(5a36bb9308fae76428f64f8210a5fbf5) Importer(815301076,1909f56bfc062723c751e8b465ee728b)  -> (artifact id: '23722e3a45e603b9511036a82e45f1c9') in 0.548942 seconds 
========================================================================
Received Import Request.
  Time since last request: 0.007354 seconds.
  path: Assets/Geopipe/Pack02/NYBlock02/Materials/ortho12.mat
  artifactKey: Guid(506d8873674d20e40a924be48d1e7070) Importer(815301076,1909f56bfc062723c751e8b465ee728b)
Start importing Assets/Geopipe/Pack02/NYBlock02/Materials/ortho12.mat using Guid(506d8873674d20e40a924be48d1e7070) Importer(815301076,1909f56bfc062723c751e8b465ee728b)  -> (artifact id: '014c11e4bb36f8b5cec38c274c56fe14') in 0.407869 seconds 
========================================================================
Received Import Request.
  Time since last request: 0.018277 seconds.
  path: Assets/Geopipe/Pack02/NYBlock02/Materials/ortho07.mat
  artifactKey: Guid(b31cef4af7685e3498e0fe44391bc47c) Importer(815301076,1909f56bfc062723c751e8b465ee728b)
Start importing Assets/Geopipe/Pack02/NYBlock02/Materials/ortho07.mat using Guid(b31cef4af7685e3498e0fe44391bc47c) Importer(815301076,1909f56bfc062723c751e8b465ee728b)  -> (artifact id: 'a91ecb56d9be8ac6472a727bdeb109b9') in 0.629819 seconds 
========================================================================
Received Import Request.
  Time since last request: 0.001191 seconds.
  path: Assets/Geopipe/Pack02/NYBlock02/Materials/ortho15_bottom.mat
  artifactKey: Guid(bda023ce5484bff479ed1b4a3f38ba49) Importer(815301076,1909f56bfc062723c751e8b465ee728b)
Start importing Assets/Geopipe/Pack02/NYBlock02/Materials/ortho15_bottom.mat using Guid(bda023ce5484bff479ed1b4a3f38ba49) Importer(815301076,1909f56bfc062723c751e8b465ee728b)  -> (artifact id: 'ea9b66e32523df933570c76656243a30') in 0.382926 seconds 
========================================================================
Received Import Request.
  Time since last request: 0.014190 seconds.
  path: Assets/Geopipe/Pack02/NYBlock02/Materials/ortho10_bottom.mat
  artifactKey: Guid(00553615d7736b24b95f98b24f73c525) Importer(815301076,1909f56bfc062723c751e8b465ee728b)
Start importing Assets/Geopipe/Pack02/NYBlock02/Materials/ortho10_bottom.mat using Guid(00553615d7736b24b95f98b24f73c525) Importer(815301076,1909f56bfc062723c751e8b465ee728b)  -> (artifact id: 'f1af4312202fd4a3adda0d01b8bd3072') in 0.550415 seconds 
========================================================================
Received Import Request.
  Time since last request: 0.000881 seconds.
  path: Assets/Geopipe/Pack02/NYBlock02/Materials/ortho18_bottom.mat
  artifactKey: Guid(c705af5324f22334da7370029eb3e661) Importer(815301076,1909f56bfc062723c751e8b465ee728b)
Start importing Assets/Geopipe/Pack02/NYBlock02/Materials/ortho18_bottom.mat using Guid(c705af5324f22334da7370029eb3e661) Importer(815301076,1909f56bfc062723c751e8b465ee728b)  -> (artifact id: '632503c3eae3e87d1b3549fae67bf3a8') in 0.191489 seconds 
========================================================================
Received Import Request.
  Time since last request: 0.000922 seconds.
  path: Assets/Geopipe/Pack02/NYBlock02/Materials/metal2.mat
  artifactKey: Guid(bd26ba0c01f48ca4cbbff91869f6ca3c) Importer(815301076,1909f56bfc062723c751e8b465ee728b)
Start importing Assets/Geopipe/Pack02/NYBlock02/Materials/metal2.mat using Guid(bd26ba0c01f48ca4cbbff91869f6ca3c) Importer(815301076,1909f56bfc062723c751e8b465ee728b)  -> (artifact id: 'd0a2c05edf8c9c1d01c923c90cccf66d') in 0.431247 seconds 
========================================================================
Received Import Request.
  Time since last request: 0.007540 seconds.
  path: Assets/Geopipe/Pack02/NYBlock02/Models
  artifactKey: Guid(0a54aeda9c1f9ed4e9a97ed74493d5c3) Importer(815301076,1909f56bfc062723c751e8b465ee728b)
Start importing Assets/Geopipe/Pack02/NYBlock02/Models using Guid(0a54aeda9c1f9ed4e9a97ed74493d5c3) Importer(815301076,1909f56bfc062723c751e8b465ee728b)  -> (artifact id: '96dafff357f43584194a496a3f6bb50d') in 0.036216 seconds 
========================================================================
Received Import Request.
  Time since last request: 0.001268 seconds.
  path: Assets/Geopipe/Pack02/NYBlock02/Materials/ortho02.mat
  artifactKey: Guid(97df2a755298d2d4a9265b7c4b56ff6d) Importer(815301076,1909f56bfc062723c751e8b465ee728b)
Start importing Assets/Geopipe/Pack02/NYBlock02/Materials/ortho02.mat using Guid(97df2a755298d2d4a9265b7c4b56ff6d) Importer(815301076,1909f56bfc062723c751e8b465ee728b)  -> (artifact id: 'f7482239b3f182499654b4d43dc9524b') in 0.237882 seconds 
========================================================================
Received Import Request.
  Time since last request: 0.000807 seconds.
  path: Assets/Geopipe/Pack02/NYBlock02/Materials/ortho10.mat
  artifactKey: Guid(f5b231f3004808147aa823735fef5700) Importer(815301076,1909f56bfc062723c751e8b465ee728b)
Start importing Assets/Geopipe/Pack02/NYBlock02/Materials/ortho10.mat using Guid(f5b231f3004808147aa823735fef5700) Importer(815301076,1909f56bfc062723c751e8b465ee728b)  -> (artifact id: '69a68386a4a31ea7b7cb0843bc68b40e') in 0.223139 seconds 
========================================================================
Received Import Request.
  Time since last request: 0.000866 seconds.
  path: Assets/Geopipe/Pack02/NYBlock02/Materials/ortho13_bottom.mat
  artifactKey: Guid(388ccabac2c90b5429298c7e3cc3b74d) Importer(815301076,1909f56bfc062723c751e8b465ee728b)
Start importing Assets/Geopipe/Pack02/NYBlock02/Materials/ortho13_bottom.mat using Guid(388ccabac2c90b5429298c7e3cc3b74d) Importer(815301076,1909f56bfc062723c751e8b465ee728b)  -> (artifact id: 'bb3c7f0df1b9906240fffbfe313033f1') in 0.234738 seconds 
========================================================================
Received Import Request.
  Time since last request: 0.001051 seconds.
  path: Assets/Geopipe/Pack02/NYBlock02/Materials/glass2.mat
  artifactKey: Guid(86e8acae4ab5d2c4fa4900e228009981) Importer(815301076,1909f56bfc062723c751e8b465ee728b)
Start importing Assets/Geopipe/Pack02/NYBlock02/Materials/glass2.mat using Guid(86e8acae4ab5d2c4fa4900e228009981) Importer(815301076,1909f56bfc062723c751e8b465ee728b)  -> (artifact id: 'f0221d4c983e8e3ef3ff5f8c24261085') in 0.137555 seconds 
========================================================================
Received Import Request.
  Time since last request: 0.001149 seconds.
  path: Assets/Geopipe/Pack02/NYBlock02/Materials/plaster1.mat
  artifactKey: Guid(1791003a453ba14499f87585333169e8) Importer(815301076,1909f56bfc062723c751e8b465ee728b)
Start importing Assets/Geopipe/Pack02/NYBlock02/Materials/plaster1.mat using Guid(1791003a453ba14499f87585333169e8) Importer(815301076,1909f56bfc062723c751e8b465ee728b)  -> (artifact id: 'e27f9241c59291ae6981f1b9d6a1e875') in 0.130365 seconds 
========================================================================
Received Import Request.
  Time since last request: 0.000861 seconds.
  path: Assets/Geopipe/Pack02/NYBlock02/Materials/ortho08.mat
  artifactKey: Guid(9060d3df40c11e242b748c73d5f05576) Importer(815301076,1909f56bfc062723c751e8b465ee728b)
Start importing Assets/Geopipe/Pack02/NYBlock02/Materials/ortho08.mat using Guid(9060d3df40c11e242b748c73d5f05576) Importer(815301076,1909f56bfc062723c751e8b465ee728b)  -> (artifact id: 'ecc3171453f4aa8f1940f9b90fd2faf0') in 0.163880 seconds 
========================================================================
Received Import Request.
  Time since last request: 0.000771 seconds.
  path: Assets/Geopipe/Pack02/NYBlock02/Materials/copper1.mat
  artifactKey: Guid(7245964d84021614ebf5fd5d982b6e4a) Importer(815301076,1909f56bfc062723c751e8b465ee728b)
Start importing Assets/Geopipe/Pack02/NYBlock02/Materials/copper1.mat using Guid(7245964d84021614ebf5fd5d982b6e4a) Importer(815301076,1909f56bfc062723c751e8b465ee728b)  -> (artifact id: '4b42351e8540c43199b2764d1088fd2a') in 0.104563 seconds 
========================================================================
Received Import Request.
  Time since last request: 0.001085 seconds.
  path: Assets/Geopipe/Pack02/NYBlock02/Materials/ortho21_bottom.mat
  artifactKey: Guid(d3e5743dabce8614c90ef71dde9c1295) Importer(815301076,1909f56bfc062723c751e8b465ee728b)
Start importing Assets/Geopipe/Pack02/NYBlock02/Materials/ortho21_bottom.mat using Guid(d3e5743dabce8614c90ef71dde9c1295) Importer(815301076,1909f56bfc062723c751e8b465ee728b)  -> (artifact id: 'c832080b3376b7c59ab518f402bc6836') in 0.153164 seconds 
========================================================================
Received Import Request.
  Time since last request: 0.001241 seconds.
  path: Assets/Geopipe/Pack02/NYBlock02/Materials/ortho18.mat
  artifactKey: Guid(28f2aa0c3b1b8564197c8076529b91df) Importer(815301076,1909f56bfc062723c751e8b465ee728b)
Start importing Assets/Geopipe/Pack02/NYBlock02/Materials/ortho18.mat using Guid(28f2aa0c3b1b8564197c8076529b91df) Importer(815301076,1909f56bfc062723c751e8b465ee728b)  -> (artifact id: '3cc69911a2304cf122ab6d6b6bfde144') in 0.215837 seconds 
========================================================================
Received Import Request.
  Time since last request: 0.000971 seconds.
  path: Assets/Geopipe/Pack02/NYBlock02/Materials/ortho23_bottom.mat
  artifactKey: Guid(1baf82a00efc83f45a3abadac52dd5a8) Importer(815301076,1909f56bfc062723c751e8b465ee728b)
Start importing Assets/Geopipe/Pack02/NYBlock02/Materials/ortho23_bottom.mat using Guid(1baf82a00efc83f45a3abadac52dd5a8) Importer(815301076,1909f56bfc062723c751e8b465ee728b)  -> (artifact id: '8b4c29a50b1e01ef2022f045c887b098') in 0.140843 seconds 
========================================================================
Received Import Request.
  Time since last request: 0.000833 seconds.
  path: Assets/Geopipe/Pack02/NYBlock02/Materials/marble1.mat
  artifactKey: Guid(bbb939b25fe7be94a8597f248195e664) Importer(815301076,1909f56bfc062723c751e8b465ee728b)
Start importing Assets/Geopipe/Pack02/NYBlock02/Materials/marble1.mat using Guid(bbb939b25fe7be94a8597f248195e664) Importer(815301076,1909f56bfc062723c751e8b465ee728b)  -> (artifact id: '0b5d33eb9531634f973516958f57a49a') in 0.175273 seconds 
========================================================================
Received Import Request.
  Time since last request: 0.000252 seconds.
  path: Assets/Geopipe/Pack02/NYBlock02/Materials/ortho17.mat
  artifactKey: Guid(aca3085aba6b5db439a09a30b2cef7c6) Importer(815301076,1909f56bfc062723c751e8b465ee728b)
Start importing Assets/Geopipe/Pack02/NYBlock02/Materials/ortho17.mat using Guid(aca3085aba6b5db439a09a30b2cef7c6) Importer(815301076,1909f56bfc062723c751e8b465ee728b)  -> (artifact id: '7d019905e418124ceaf8de3a14ae1bdd') in 0.092094 seconds 
========================================================================
Received Import Request.
  Time since last request: 0.000919 seconds.
  path: Assets/Geopipe/Pack02/NYBlock02/Materials/ortho05_bottom.mat
  artifactKey: Guid(deffa03cbcc0b7d4eae798f78d70683f) Importer(815301076,1909f56bfc062723c751e8b465ee728b)
Start importing Assets/Geopipe/Pack02/NYBlock02/Materials/ortho05_bottom.mat using Guid(deffa03cbcc0b7d4eae798f78d70683f) Importer(815301076,1909f56bfc062723c751e8b465ee728b)  -> (artifact id: 'cd526f47ae8d28e88e349d13541a3ada') in 0.175147 seconds 
========================================================================
Received Import Request.
  Time since last request: 0.003017 seconds.
  path: Assets/Geopipe/Pack02/NYBlock02/Materials/ortho00.mat
  artifactKey: Guid(55e8387acd3afda4ebe9fcc56e9998b5) Importer(815301076,1909f56bfc062723c751e8b465ee728b)
Start importing Assets/Geopipe/Pack02/NYBlock02/Materials/ortho00.mat using Guid(55e8387acd3afda4ebe9fcc56e9998b5) Importer(815301076,1909f56bfc062723c751e8b465ee728b)  -> (artifact id: 'b3f5b67956500972e1a6786b138b68ca') in 0.165401 seconds 
========================================================================
Received Import Request.
  Time since last request: 0.000973 seconds.
  path: Assets/Geopipe/Pack02/NYBlock02/Materials/ortho11.mat
  artifactKey: Guid(a4ddce621fd11b4499c2d77fb65b779c) Importer(815301076,1909f56bfc062723c751e8b465ee728b)
Start importing Assets/Geopipe/Pack02/NYBlock02/Materials/ortho11.mat using Guid(a4ddce621fd11b4499c2d77fb65b779c) Importer(815301076,1909f56bfc062723c751e8b465ee728b)  -> (artifact id: '0a0c51ed864cf40e595621f18b87b352') in 0.113405 seconds 
========================================================================
Received Import Request.
  Time since last request: 0.000652 seconds.
  path: Assets/Geopipe/Pack02/NYBlock02/Materials/ortho03_bottom.mat
  artifactKey: Guid(db191539484d00e44b8158cbaf069a1a) Importer(815301076,1909f56bfc062723c751e8b465ee728b)
Start importing Assets/Geopipe/Pack02/NYBlock02/Materials/ortho03_bottom.mat using Guid(db191539484d00e44b8158cbaf069a1a) Importer(815301076,1909f56bfc062723c751e8b465ee728b)  -> (artifact id: '516e6d0c9cb215c4d643d1691b639a54') in 0.127161 seconds 
========================================================================
Received Import Request.
  Time since last request: 0.002367 seconds.
  path: Assets/Geopipe/Pack02/NYBlock02/Materials/ortho09.mat
  artifactKey: Guid(20ff547317605cf43902e7ba9e180062) Importer(815301076,1909f56bfc062723c751e8b465ee728b)
Start importing Assets/Geopipe/Pack02/NYBlock02/Materials/ortho09.mat using Guid(20ff547317605cf43902e7ba9e180062) Importer(815301076,1909f56bfc062723c751e8b465ee728b)  -> (artifact id: '92ab3ebfca7e5ef5e64d47e0bd801ea1') in 0.150075 seconds 
========================================================================
Received Import Request.
  Time since last request: 0.001388 seconds.
  path: Assets/Geopipe/Pack02/NYBlock02/Materials/concrete1.mat
  artifactKey: Guid(b05472b547648a04b8b5619ef2d5bfc6) Importer(815301076,1909f56bfc062723c751e8b465ee728b)
Start importing Assets/Geopipe/Pack02/NYBlock02/Materials/concrete1.mat using Guid(b05472b547648a04b8b5619ef2d5bfc6) Importer(815301076,1909f56bfc062723c751e8b465ee728b)  -> (artifact id: '7c8fcd1388ddc793f1cd8c2a20834c71') in 0.549896 seconds 
========================================================================
Received Import Request.
  Time since last request: 0.000812 seconds.
  path: Assets/Geopipe/Pack02/NYBlock02/Materials/ortho06.mat
  artifactKey: Guid(9c7e54e65d2a83c4b90c2af1728de1c0) Importer(815301076,1909f56bfc062723c751e8b465ee728b)
Start importing Assets/Geopipe/Pack02/NYBlock02/Materials/ortho06.mat using Guid(9c7e54e65d2a83c4b90c2af1728de1c0) Importer(815301076,1909f56bfc062723c751e8b465ee728b)  -> (artifact id: 'a6d8a72c2a7cfbf2a8dcdd1a313d7c98') in 0.233567 seconds 
========================================================================
Received Import Request.
  Time since last request: 0.000757 seconds.
  path: Assets/Geopipe/Pack02/NYBlock02/Materials/brick2.mat
  artifactKey: Guid(2fa48904a244259459dd60eb663ef332) Importer(815301076,1909f56bfc062723c751e8b465ee728b)
Start importing Assets/Geopipe/Pack02/NYBlock02/Materials/brick2.mat using Guid(2fa48904a244259459dd60eb663ef332) Importer(815301076,1909f56bfc062723c751e8b465ee728b)  -> (artifact id: 'd477fe19b62691668c4327737ecddbf1') in 0.196418 seconds 
========================================================================
Received Import Request.
  Time since last request: 0.011122 seconds.
  path: Assets/Geopipe/Pack02/NYBlock02/Materials/ortho04.mat
  artifactKey: Guid(1c67f988c807d494d9c25b948d316807) Importer(815301076,1909f56bfc062723c751e8b465ee728b)
Start importing Assets/Geopipe/Pack02/NYBlock02/Materials/ortho04.mat using Guid(1c67f988c807d494d9c25b948d316807) Importer(815301076,1909f56bfc062723c751e8b465ee728b)  -> (artifact id: 'ecb12ce4eef2afc63c1240fa744a08c3') in 0.348408 seconds 
========================================================================
Received Import Request.
  Time since last request: 0.000899 seconds.
  path: Assets/Geopipe/Pack02/NYBlock02/Materials/ortho03.mat
  artifactKey: Guid(49807ae4c0065944b9e1c558870719fa) Importer(815301076,1909f56bfc062723c751e8b465ee728b)
Start importing Assets/Geopipe/Pack02/NYBlock02/Materials/ortho03.mat using Guid(49807ae4c0065944b9e1c558870719fa) Importer(815301076,1909f56bfc062723c751e8b465ee728b)  -> (artifact id: '991a9620f57dd2c2270b3aba26235d4a') in 0.141460 seconds 
========================================================================
Received Import Request.
  Time since last request: 0.000604 seconds.
  path: Assets/Geopipe/Pack02/NYBlock02/Materials/concrete2.mat
  artifactKey: Guid(a75a7980b83508d4b907d5082b28a247) Importer(815301076,1909f56bfc062723c751e8b465ee728b)
Start importing Assets/Geopipe/Pack02/NYBlock02/Materials/concrete2.mat using Guid(a75a7980b83508d4b907d5082b28a247) Importer(815301076,1909f56bfc062723c751e8b465ee728b)  -> (artifact id: '30896fb57876d9c5f7548e45ea49285c') in 0.149303 seconds 
========================================================================
Received Import Request.
  Time since last request: 0.001830 seconds.
  path: Assets/Geopipe/Pack02/NYBlock02/Materials/ortho04_bottom.mat
  artifactKey: Guid(ae7781ec556f1a6498854752dc572ab9) Importer(815301076,1909f56bfc062723c751e8b465ee728b)
Start importing Assets/Geopipe/Pack02/NYBlock02/Materials/ortho04_bottom.mat using Guid(ae7781ec556f1a6498854752dc572ab9) Importer(815301076,1909f56bfc062723c751e8b465ee728b)  -> (artifact id: '90275e760e83a98905ff842fb748e5a0') in 0.165378 seconds 
========================================================================
Received Import Request.
  Time since last request: 0.000576 seconds.
  path: Assets/Geopipe/Pack02/NYBlock02/Materials/ortho16.mat
  artifactKey: Guid(5169a1f9ad3a53149b521871585890ad) Importer(815301076,1909f56bfc062723c751e8b465ee728b)
Start importing Assets/Geopipe/Pack02/NYBlock02/Materials/ortho16.mat using Guid(5169a1f9ad3a53149b521871585890ad) Importer(815301076,1909f56bfc062723c751e8b465ee728b)  -> (artifact id: 'de432bf08a3f1a28c3074c54aa49fb39') in 0.102059 seconds 
========================================================================
Received Import Request.
  Time since last request: 0.000698 seconds.
  path: Assets/Geopipe/Pack02/NYBlock02/Materials/ortho11_bottom.mat
  artifactKey: Guid(f0c40a9c40e252b4db60b63429348fd9) Importer(815301076,1909f56bfc062723c751e8b465ee728b)
Start importing Assets/Geopipe/Pack02/NYBlock02/Materials/ortho11_bottom.mat using Guid(f0c40a9c40e252b4db60b63429348fd9) Importer(815301076,1909f56bfc062723c751e8b465ee728b)  -> (artifact id: 'f1f62e518780ffd705a3aaab075f27da') in 0.136618 seconds 
========================================================================
Received Import Request.
  Time since last request: 0.000307 seconds.
  path: Assets/Geopipe/Pack02/NYBlock02/Materials/ortho02_bottom.mat
  artifactKey: Guid(15f0f2784920ef24da4c46cf35c39e62) Importer(815301076,1909f56bfc062723c751e8b465ee728b)
Start importing Assets/Geopipe/Pack02/NYBlock02/Materials/ortho02_bottom.mat using Guid(15f0f2784920ef24da4c46cf35c39e62) Importer(815301076,1909f56bfc062723c751e8b465ee728b)  -> (artifact id: '3a82b6f0360abe4a58b52cd5e8e88dfe') in 0.090829 seconds 
========================================================================
Received Import Request.
  Time since last request: 0.001377 seconds.
  path: Assets/Geopipe/Pack02/NYBlock02/Materials/ortho13.mat
  artifactKey: Guid(8b0920374c84d094abcfb5da6fb2c114) Importer(815301076,1909f56bfc062723c751e8b465ee728b)
Start importing Assets/Geopipe/Pack02/NYBlock02/Materials/ortho13.mat using Guid(8b0920374c84d094abcfb5da6fb2c114) Importer(815301076,1909f56bfc062723c751e8b465ee728b)  -> (artifact id: 'ba55c104c29b4ba88c9560d1c75272da') in 0.129394 seconds 
========================================================================
Received Import Request.
  Time since last request: 0.000673 seconds.
  path: Assets/Geopipe/Pack02/NYBlock02/Materials/ortho01_bottom.mat
  artifactKey: Guid(e26acb8fe72601a44adc2890db2a6a36) Importer(815301076,1909f56bfc062723c751e8b465ee728b)
Start importing Assets/Geopipe/Pack02/NYBlock02/Materials/ortho01_bottom.mat using Guid(e26acb8fe72601a44adc2890db2a6a36) Importer(815301076,1909f56bfc062723c751e8b465ee728b)  -> (artifact id: 'd9d8e6d1e8cd5c7c72cd935eab236b6e') in 0.131068 seconds 
========================================================================
Received Import Request.
  Time since last request: 0.000696 seconds.
  path: Assets/Geopipe/Pack02/NYBlock02/Models/NYBlock02.fbx
  artifactKey: Guid(18f01519ec11cfa488d5624509000a45) Importer(815301076,1909f56bfc062723c751e8b465ee728b)
Start importing Assets/Geopipe/Pack02/NYBlock02/Models/NYBlock02.fbx using Guid(18f01519ec11cfa488d5624509000a45) Importer(815301076,1909f56bfc062723c751e8b465ee728b)  -> (artifact id: 'b6a555884586db8945de387a16f1d99a') in 81.598486 seconds 
========================================================================
Received Import Request.
  Time since last request: 0.000517 seconds.
  path: Assets/Geopipe/Pack02/NYBlock02/Materials/ortho07_bottom.mat
  artifactKey: Guid(708eebc5d6b91074aa1a7ff96f1efa06) Importer(815301076,1909f56bfc062723c751e8b465ee728b)
Start importing Assets/Geopipe/Pack02/NYBlock02/Materials/ortho07_bottom.mat using Guid(708eebc5d6b91074aa1a7ff96f1efa06) Importer(815301076,1909f56bfc062723c751e8b465ee728b)  -> (artifact id: '843acf3354c058d86e5f1037083a308c') in 0.233797 seconds 
========================================================================
Received Import Request.
  Time since last request: 0.000386 seconds.
  path: Assets/Geopipe/Pack02/NYBlock02/Materials/ortho20.mat
  artifactKey: Guid(178dfc66591341e438060fa9ad5edc2e) Importer(815301076,1909f56bfc062723c751e8b465ee728b)
Start importing Assets/Geopipe/Pack02/NYBlock02/Materials/ortho20.mat using Guid(178dfc66591341e438060fa9ad5edc2e) Importer(815301076,1909f56bfc062723c751e8b465ee728b)  -> (artifact id: 'ed45b5d98edb65410b65fcedd29d78f7') in 0.026594 seconds 
========================================================================
Received Import Request.
  Time since last request: 0.000394 seconds.
  path: Assets/Geopipe/Pack02/NYBlock02/Materials/ortho14.mat
  artifactKey: Guid(ed7f762aaebd0e64697f30bd95f2b79f) Importer(815301076,1909f56bfc062723c751e8b465ee728b)
Start importing Assets/Geopipe/Pack02/NYBlock02/Materials/ortho14.mat using Guid(ed7f762aaebd0e64697f30bd95f2b79f) Importer(815301076,1909f56bfc062723c751e8b465ee728b)  -> (artifact id: '7357f6ae72d1647c09970cefe63447c0') in 0.028280 seconds 
AssetImportWorkerClient::OnTransportError - code=2 error=End of file
